# JRE version: OpenJDK Runtime Environment (21.0.10) (build 21.0.10+-14961533-b1163.108)
# Java VM: OpenJDK 64-Bit Server VM (21.0.10+-14961533-b1163.108, mixed mode, tiered, compressed oops, compressed class ptrs, g1 gc, windows-amd64)
GC Precious Log:
 CardTable entry size: 512
 Card Set container configuration: InlinePtr #cards 5 size 8 Array Of Cards #cards 12 size 40 Howl #buckets 4 coarsen threshold 1843 Howl Bitmap #cards 512 size 80 coarsen threshold 460 Card regions per heap region 1 cards per card region 2048
 CPUs: 4 total, 4 available
 Memory: 8063M
 Large Page Support: Disabled
 NUMA Support: Disabled
 Compressed Oops: Enabled (32-bit)
 Heap Region Size: 1M
 Heap Min Capacity: 256M
 Heap Initial Capacity: 256M
 Heap Max Capacity: 512M
 Pre-touch: Disabled
 Parallel Workers: 4
 Concurrent Workers: 1
 Concurrent Refinement Workers: 4
 Periodic GC: Disabled
Heap:
 garbage-first heap   total 277504K, used 167424K [0x00000000e0000000, 0x0000000100000000)
  region size 1024K, 7 young (7168K), 6 survivors (6144K)
 Metaspace       used 136095K, committed 138304K, reserved 458752K
  class space    used 18475K, committed 19520K, reserved 327680K
GC Heap History (20 events):
Event: 55.619 GC heap before
{Heap before GC invocations=8 (full 0):
 garbage-first heap   total 262144K, used 171979K [0x00000000e0000000, 0x0000000100000000)
  region size 1024K, 151 young (154624K), 17 survivors (17408K)
 Metaspace       used 58765K, committed 60096K, reserved 393216K
  class space    used 8057K, committed 8704K, reserved 327680K
}
Event: 55.637 GC heap after
{Heap after GC invocations=9 (full 0):
 garbage-first heap   total 262144K, used 41336K [0x00000000e0000000, 0x0000000100000000)
  region size 1024K, 7 young (7168K), 7 survivors (7168K)
 Metaspace       used 58765K, committed 60096K, reserved 393216K
  class space    used 8057K, committed 8704K, reserved 327680K
}
Event: 71.453 GC heap before
{Heap before GC invocations=10 (full 0):
 garbage-first heap   total 262144K, used 191864K [0x00000000e0000000, 0x0000000100000000)
  region size 1024K, 153 young (156672K), 7 survivors (7168K)
 Metaspace       used 64843K, committed 66432K, reserved 393216K
  class space    used 9021K, committed 9792K, reserved 327680K
}
Event: 71.479 GC heap after
{Heap after GC invocations=11 (full 0):
 garbage-first heap   total 262144K, used 56184K [0x00000000e0000000, 0x0000000100000000)
  region size 1024K, 20 young (20480K), 20 survivors (20480K)
 Metaspace       used 64843K, committed 66432K, reserved 393216K
  class space    used 9021K, committed 9792K, reserved 327680K
}
Event: 76.501 GC heap before
{Heap before GC invocations=11 (full 0):
 garbage-first heap   total 262144K, used 192376K [0x00000000e0000000, 0x0000000100000000)
  region size 1024K, 153 young (156672K), 20 survivors (20480K)
 Metaspace       used 72318K, committed 74048K, reserved 393216K
  class space    used 10080K, committed 10880K, reserved 327680K
}
Event: 76.525 GC heap after
{Heap after GC invocations=12 (full 0):
 garbage-first heap   total 262144K, used 60928K [0x00000000e0000000, 0x0000000100000000)
  region size 1024K, 6 young (6144K), 6 survivors (6144K)
 Metaspace       used 72318K, committed 74048K, reserved 393216K
  class space    used 10080K, committed 10880K, reserved 327680K
}
Event: 80.984 GC heap before
{Heap before GC invocations=12 (full 0):
 garbage-first heap   total 262144K, used 211456K [0x00000000e0000000, 0x0000000100000000)
  region size 1024K, 153 young (156672K), 6 survivors (6144K)
 Metaspace       used 80394K, committed 82304K, reserved 458752K
  class space    used 11274K, committed 12160K, reserved 327680K
}
Event: 81.001 GC heap after
{Heap after GC invocations=13 (full 0):
 garbage-first heap   total 262144K, used 69120K [0x00000000e0000000, 0x0000000100000000)
  region size 1024K, 14 young (14336K), 14 survivors (14336K)
 Metaspace       used 80394K, committed 82304K, reserved 458752K
  class space    used 11274K, committed 12160K, reserved 327680K
}
Event: 83.083 GC heap before
{Heap before GC invocations=13 (full 0):
 garbage-first heap   total 262144K, used 224768K [0x00000000e0000000, 0x0000000100000000)
  region size 1024K, 153 young (156672K), 14 survivors (14336K)
 Metaspace       used 87562K, committed 89536K, reserved 458752K
  class space    used 12101K, committed 13056K, reserved 327680K
}
Event: 83.102 GC heap after
{Heap after GC invocations=14 (full 0):
 garbage-first heap   total 262144K, used 94208K [0x00000000e0000000, 0x0000000100000000)
  region size 1024K, 20 young (20480K), 20 survivors (20480K)
 Metaspace       used 87562K, committed 89536K, reserved 458752K
  class space    used 12101K, committed 13056K, reserved 327680K
}
Event: 90.293 GC heap before
{Heap before GC invocations=14 (full 0):
 garbage-first heap   total 262144K, used 222208K [0x00000000e0000000, 0x0000000100000000)
  region size 1024K, 142 young (145408K), 20 survivors (20480K)
 Metaspace       used 98353K, committed 100416K, reserved 458752K
  class space    used 13551K, committed 14528K, reserved 327680K
}
Event: 90.317 GC heap after
{Heap after GC invocations=15 (full 0):
 garbage-first heap   total 262144K, used 103350K [0x00000000e0000000, 0x0000000100000000)
  region size 1024K, 9 young (9216K), 9 survivors (9216K)
 Metaspace       used 98353K, committed 100416K, reserved 458752K
  class space    used 13551K, committed 14528K, reserved 327680K
}
Event: 106.637 GC heap before
{Heap before GC invocations=16 (full 0):
 garbage-first heap   total 262144K, used 236470K [0x00000000e0000000, 0x0000000100000000)
  region size 1024K, 136 young (139264K), 9 survivors (9216K)
 Metaspace       used 108987K, committed 111104K, reserved 458752K
  class space    used 14973K, committed 16000K, reserved 327680K
}
Event: 106.653 GC heap after
{Heap after GC invocations=17 (full 0):
 garbage-first heap   total 262144K, used 112566K [0x00000000e0000000, 0x0000000100000000)
  region size 1024K, 15 young (15360K), 15 survivors (15360K)
 Metaspace       used 108987K, committed 111104K, reserved 458752K
  class space    used 14973K, committed 16000K, reserved 327680K
}
Event: 114.236 GC heap before
{Heap before GC invocations=17 (full 0):
 garbage-first heap   total 262144K, used 235446K [0x00000000e0000000, 0x0000000100000000)
  region size 1024K, 135 young (138240K), 15 survivors (15360K)
 Metaspace       used 119940K, committed 122176K, reserved 458752K
  class space    used 16789K, committed 17856K, reserved 327680K
}
Event: 114.278 GC heap after
{Heap after GC invocations=18 (full 0):
 garbage-first heap   total 277504K, used 138240K [0x00000000e0000000, 0x0000000100000000)
  region size 1024K, 17 young (17408K), 17 survivors (17408K)
 Metaspace       used 119940K, committed 122176K, reserved 458752K
  class space    used 16789K, committed 17856K, reserved 327680K
}
Event: 123.271 GC heap before
{Heap before GC invocations=18 (full 0):
 garbage-first heap   total 277504K, used 234496K [0x00000000e0000000, 0x0000000100000000)
  region size 1024K, 111 young (113664K), 17 survivors (17408K)
 Metaspace       used 126515K, committed 128640K, reserved 458752K
  class space    used 17471K, committed 18496K, reserved 327680K
}
Event: 123.298 GC heap after
{Heap after GC invocations=19 (full 0):
 garbage-first heap   total 277504K, used 160768K [0x00000000e0000000, 0x0000000100000000)
  region size 1024K, 14 young (14336K), 14 survivors (14336K)
 Metaspace       used 126515K, committed 128640K, reserved 458752K
  class space    used 17471K, committed 18496K, reserved 327680K
}
Event: 136.398 GC heap before
{Heap before GC invocations=19 (full 0):
 garbage-first heap   total 277504K, used 236544K [0x00000000e0000000, 0x0000000100000000)
  region size 1024K, 89 young (91136K), 14 survivors (14336K)
 Metaspace       used 136019K, committed 138240K, reserved 458752K
  class space    used 18465K, committed 19520K, reserved 327680K
}
Event: 136.415 GC heap after
{Heap after GC invocations=20 (full 0):
 garbage-first heap   total 277504K, used 167424K [0x00000000e0000000, 0x0000000100000000)
  region size 1024K, 6 young (6144K), 6 survivors (6144K)
 Metaspace       used 136019K, committed 138240K, reserved 458752K
  class space    used 18465K, committed 19520K, reserved 327680K
}

