# JRE version: OpenJDK Runtime Environment (21.0.10) (build 21.0.10+-14961533-b1163.108)
# Java VM: OpenJDK 64-Bit Server VM (21.0.10+-14961533-b1163.108, mixed mode, tiered, compressed oops, compressed class ptrs, g1 gc, windows-amd64)
GC Precious Log:
 CardTable entry size: 512
 Card Set container configuration: InlinePtr #cards 5 size 8 Array Of Cards #cards 12 size 40 Howl #buckets 4 coarsen threshold 1843 Howl Bitmap #cards 512 size 80 coarsen threshold 460 Card regions per heap region 1 cards per card region 2048
 CPUs: 4 total, 4 available
 Memory: 8063M
 Large Page Support: Disabled
 NUMA Support: Disabled
 Compressed Oops: Enabled (32-bit)
 Heap Region Size: 1M
 Heap Min Capacity: 256M
 Heap Initial Capacity: 256M
 Heap Max Capacity: 512M
 Pre-touch: Disabled
 Parallel Workers: 4
 Concurrent Workers: 1
 Concurrent Refinement Workers: 4
 Periodic GC: Disabled
Heap:
 garbage-first heap   total 386048K, used 246181K [0x00000000e0000000, 0x0000000100000000)
  region size 1024K, 46 young (47104K), 9 survivors (9216K)
 Metaspace       used 189496K, committed 191424K, reserved 524288K
  class space    used 24738K, committed 25664K, reserved 327680K
GC Heap History (20 events):
Event: 241.949 GC heap before
{Heap before GC invocations=44 (full 0):
 garbage-first heap   total 322560K, used 277504K [0x00000000e0000000, 0x0000000100000000)
  region size 1024K, 69 young (70656K), 10 survivors (10240K)
 Metaspace       used 156478K, committed 158528K, reserved 524288K
  class space    used 20342K, committed 21312K, reserved 327680K
}
Event: 241.958 GC heap after
{Heap after GC invocations=45 (full 0):
 garbage-first heap   total 322560K, used 219986K [0x00000000e0000000, 0x0000000100000000)
  region size 1024K, 2 young (2048K), 2 survivors (2048K)
 Metaspace       used 156478K, committed 158528K, reserved 524288K
  class space    used 20342K, committed 21312K, reserved 327680K
}
Event: 245.246 GC heap before
{Heap before GC invocations=46 (full 0):
 garbage-first heap   total 367616K, used 289618K [0x00000000e0000000, 0x0000000100000000)
  region size 1024K, 65 young (66560K), 2 survivors (2048K)
 Metaspace       used 161376K, committed 163520K, reserved 524288K
  class space    used 21085K, committed 22080K, reserved 327680K
}
Event: 245.256 GC heap after
{Heap after GC invocations=47 (full 0):
 garbage-first heap   total 367616K, used 226960K [0x00000000e0000000, 0x0000000100000000)
  region size 1024K, 8 young (8192K), 8 survivors (8192K)
 Metaspace       used 161376K, committed 163520K, reserved 524288K
  class space    used 21085K, committed 22080K, reserved 327680K
}
Event: 252.051 GC heap before
{Heap before GC invocations=47 (full 0):
 garbage-first heap   total 367616K, used 322192K [0x00000000e0000000, 0x0000000100000000)
  region size 1024K, 101 young (103424K), 8 survivors (8192K)
 Metaspace       used 169783K, committed 171968K, reserved 524288K
  class space    used 22176K, committed 23232K, reserved 327680K
}
Event: 252.067 GC heap after
{Heap after GC invocations=48 (full 0):
 garbage-first heap   total 367616K, used 227326K [0x00000000e0000000, 0x0000000100000000)
  region size 1024K, 10 young (10240K), 10 survivors (10240K)
 Metaspace       used 169783K, committed 171968K, reserved 524288K
  class space    used 22176K, committed 23232K, reserved 327680K
}
Event: 253.032 GC heap before
{Heap before GC invocations=48 (full 0):
 garbage-first heap   total 367616K, used 241662K [0x00000000e0000000, 0x0000000100000000)
  region size 1024K, 25 young (25600K), 10 survivors (10240K)
 Metaspace       used 170736K, committed 172928K, reserved 524288K
  class space    used 22308K, committed 23360K, reserved 327680K
}
Event: 253.041 GC heap after
{Heap after GC invocations=49 (full 0):
 garbage-first heap   total 367616K, used 228352K [0x00000000e0000000, 0x0000000100000000)
  region size 1024K, 5 young (5120K), 5 survivors (5120K)
 Metaspace       used 170736K, committed 172928K, reserved 524288K
  class space    used 22308K, committed 23360K, reserved 327680K
}
Event: 261.158 GC heap before
{Heap before GC invocations=50 (full 0):
 garbage-first heap   total 367616K, used 289792K [0x00000000e0000000, 0x0000000100000000)
  region size 1024K, 109 young (111616K), 5 survivors (5120K)
 Metaspace       used 172011K, committed 174272K, reserved 524288K
  class space    used 22509K, committed 23616K, reserved 327680K
}
Event: 261.183 GC heap after
{Heap after GC invocations=51 (full 0):
 garbage-first heap   total 367616K, used 207872K [0x00000000e0000000, 0x0000000100000000)
  region size 1024K, 14 young (14336K), 14 survivors (14336K)
 Metaspace       used 172011K, committed 174272K, reserved 524288K
  class space    used 22509K, committed 23616K, reserved 327680K
}
Event: 261.695 GC heap before
{Heap before GC invocations=51 (full 0):
 garbage-first heap   total 367616K, used 319488K [0x00000000e0000000, 0x0000000100000000)
  region size 1024K, 122 young (124928K), 14 survivors (14336K)
 Metaspace       used 172183K, committed 174400K, reserved 524288K
  class space    used 22513K, committed 23616K, reserved 327680K
}
Event: 261.737 GC heap after
{Heap after GC invocations=52 (full 0):
 garbage-first heap   total 370688K, used 226816K [0x00000000e0000000, 0x0000000100000000)
  region size 1024K, 16 young (16384K), 16 survivors (16384K)
 Metaspace       used 172183K, committed 174400K, reserved 524288K
  class space    used 22513K, committed 23616K, reserved 327680K
}
Event: 261.890 GC heap before
{Heap before GC invocations=52 (full 0):
 garbage-first heap   total 370688K, used 237056K [0x00000000e0000000, 0x0000000100000000)
  region size 1024K, 27 young (27648K), 16 survivors (16384K)
 Metaspace       used 172235K, committed 174464K, reserved 524288K
  class space    used 22513K, committed 23616K, reserved 327680K
}
Event: 261.905 GC heap after
{Heap after GC invocations=53 (full 0):
 garbage-first heap   total 370688K, used 231424K [0x00000000e0000000, 0x0000000100000000)
  region size 1024K, 4 young (4096K), 4 survivors (4096K)
 Metaspace       used 172235K, committed 174464K, reserved 524288K
  class space    used 22513K, committed 23616K, reserved 327680K
}
Event: 265.674 GC heap before
{Heap before GC invocations=54 (full 0):
 garbage-first heap   total 386048K, used 320512K [0x00000000e0000000, 0x0000000100000000)
  region size 1024K, 90 young (92160K), 4 survivors (4096K)
 Metaspace       used 175068K, committed 177344K, reserved 524288K
  class space    used 22725K, committed 23808K, reserved 327680K
}
Event: 265.697 GC heap after
{Heap after GC invocations=55 (full 0):
 garbage-first heap   total 386048K, used 251904K [0x00000000e0000000, 0x0000000100000000)
  region size 1024K, 12 young (12288K), 12 survivors (12288K)
 Metaspace       used 175068K, committed 177344K, reserved 524288K
  class space    used 22725K, committed 23808K, reserved 327680K
}
Event: 275.758 GC heap before
{Heap before GC invocations=55 (full 0):
 garbage-first heap   total 386048K, used 335872K [0x00000000e0000000, 0x0000000100000000)
  region size 1024K, 94 young (96256K), 12 survivors (12288K)
 Metaspace       used 180770K, committed 183040K, reserved 524288K
  class space    used 23632K, committed 24704K, reserved 327680K
}
Event: 275.777 GC heap after
{Heap after GC invocations=56 (full 0):
 garbage-first heap   total 386048K, used 251392K [0x00000000e0000000, 0x0000000100000000)
  region size 1024K, 3 young (3072K), 3 survivors (3072K)
 Metaspace       used 180770K, committed 183040K, reserved 524288K
  class space    used 23632K, committed 24704K, reserved 327680K
}
Event: 287.369 GC heap before
{Heap before GC invocations=56 (full 0):
 garbage-first heap   total 386048K, used 339456K [0x00000000e0000000, 0x0000000100000000)
  region size 1024K, 90 young (92160K), 3 survivors (3072K)
 Metaspace       used 186330K, committed 188672K, reserved 524288K
  class space    used 24445K, committed 25600K, reserved 327680K
}
Event: 287.378 GC heap after
{Heap after GC invocations=57 (full 0):
 garbage-first heap   total 386048K, used 257445K [0x00000000e0000000, 0x0000000100000000)
  region size 1024K, 9 young (9216K), 9 survivors (9216K)
 Metaspace       used 186330K, committed 188672K, reserved 524288K
  class space    used 24445K, committed 25600K, reserved 327680K
}

