# JRE version: OpenJDK Runtime Environment (21.0.10) (build 21.0.10+-14961533-b1163.108)
# Java VM: OpenJDK 64-Bit Server VM (21.0.10+-14961533-b1163.108, mixed mode, tiered, compressed oops, compressed class ptrs, g1 gc, windows-amd64)
GC Precious Log:
 CardTable entry size: 512
 Card Set container configuration: InlinePtr #cards 4 size 8 Array Of Cards #cards 16 size 48 Howl #buckets 8 coarsen threshold 3686 Howl Bitmap #cards 512 size 80 coarsen threshold 460 Card regions per heap region 1 cards per card region 4096
 CPUs: 4 total, 4 available
 Memory: 8063M
 Large Page Support: Disabled
 NUMA Support: Disabled
 Compressed Oops: Enabled (Zero based)
 Heap Region Size: 2M
 Heap Min Capacity: 8M
 Heap Initial Capacity: 126M
 Heap Max Capacity: 3G
 Pre-touch: Disabled
 Parallel Workers: 4
 Concurrent Workers: 1
 Concurrent Refinement Workers: 4
 Periodic GC: Disabled
Heap:
 garbage-first heap   total 239616K, used 203043K [0x0000000740000000, 0x0000000800000000)
  region size 2048K, 40 young (81920K), 3 survivors (6144K)
 Metaspace       used 150675K, committed 152896K, reserved 622592K
  class space    used 21006K, committed 22080K, reserved 425984K
GC Heap History (20 events):
Event: 35.896 GC heap before
{Heap before GC invocations=47 (full 0):
 garbage-first heap   total 188416K, used 169197K [0x0000000740000000, 0x0000000800000000)
  region size 2048K, 30 young (61440K), 2 survivors (4096K)
 Metaspace       used 118970K, committed 121152K, reserved 557056K
  class space    used 16600K, committed 17664K, reserved 425984K
}
Event: 35.904 GC heap after
{Heap after GC invocations=48 (full 0):
 garbage-first heap   total 188416K, used 116430K [0x0000000740000000, 0x0000000800000000)
  region size 2048K, 3 young (6144K), 3 survivors (6144K)
 Metaspace       used 118970K, committed 121152K, reserved 557056K
  class space    used 16600K, committed 17664K, reserved 425984K
}
Event: 37.000 GC heap before
{Heap before GC invocations=48 (full 0):
 garbage-first heap   total 188416K, used 171726K [0x0000000740000000, 0x0000000800000000)
  region size 2048K, 31 young (63488K), 3 survivors (6144K)
 Metaspace       used 119128K, committed 121280K, reserved 557056K
  class space    used 16614K, committed 17664K, reserved 425984K
}
Event: 37.007 GC heap after
{Heap after GC invocations=49 (full 0):
 garbage-first heap   total 188416K, used 119644K [0x0000000740000000, 0x0000000800000000)
  region size 2048K, 3 young (6144K), 3 survivors (6144K)
 Metaspace       used 119128K, committed 121280K, reserved 557056K
  class space    used 16614K, committed 17664K, reserved 425984K
}
Event: 49.949 GC heap before
{Heap before GC invocations=50 (full 0):
 garbage-first heap   total 202752K, used 172892K [0x0000000740000000, 0x0000000800000000)
  region size 2048K, 30 young (61440K), 3 survivors (6144K)
 Metaspace       used 123103K, committed 125248K, reserved 557056K
  class space    used 17198K, committed 18240K, reserved 425984K
}
Event: 49.956 GC heap after
{Heap after GC invocations=51 (full 0):
 garbage-first heap   total 202752K, used 121863K [0x0000000740000000, 0x0000000800000000)
  region size 2048K, 3 young (6144K), 3 survivors (6144K)
 Metaspace       used 123103K, committed 125248K, reserved 557056K
  class space    used 17198K, committed 18240K, reserved 425984K
}
Event: 56.895 GC heap before
{Heap before GC invocations=51 (full 0):
 garbage-first heap   total 202752K, used 187399K [0x0000000740000000, 0x0000000800000000)
  region size 2048K, 36 young (73728K), 3 survivors (6144K)
 Metaspace       used 131009K, committed 133184K, reserved 557056K
  class space    used 18400K, committed 19456K, reserved 425984K
}
Event: 56.904 GC heap after
{Heap after GC invocations=52 (full 0):
 garbage-first heap   total 202752K, used 125237K [0x0000000740000000, 0x0000000800000000)
  region size 2048K, 5 young (10240K), 5 survivors (10240K)
 Metaspace       used 131009K, committed 133184K, reserved 557056K
  class space    used 18400K, committed 19456K, reserved 425984K
}
Event: 58.146 GC heap before
{Heap before GC invocations=52 (full 0):
 garbage-first heap   total 202752K, used 186677K [0x0000000740000000, 0x0000000800000000)
  region size 2048K, 36 young (73728K), 5 survivors (10240K)
 Metaspace       used 134891K, committed 137024K, reserved 557056K
  class space    used 18939K, committed 19968K, reserved 425984K
}
Event: 58.156 GC heap after
{Heap after GC invocations=53 (full 0):
 garbage-first heap   total 202752K, used 127646K [0x0000000740000000, 0x0000000800000000)
  region size 2048K, 3 young (6144K), 3 survivors (6144K)
 Metaspace       used 134891K, committed 137024K, reserved 557056K
  class space    used 18939K, committed 19968K, reserved 425984K
}
Event: 58.802 GC heap before
{Heap before GC invocations=54 (full 0):
 garbage-first heap   total 215040K, used 189086K [0x0000000740000000, 0x0000000800000000)
  region size 2048K, 33 young (67584K), 3 survivors (6144K)
 Metaspace       used 135325K, committed 137536K, reserved 557056K
  class space    used 18984K, committed 20032K, reserved 425984K
}
Event: 58.809 GC heap after
{Heap after GC invocations=55 (full 0):
 garbage-first heap   total 215040K, used 130221K [0x0000000740000000, 0x0000000800000000)
  region size 2048K, 5 young (10240K), 5 survivors (10240K)
 Metaspace       used 135325K, committed 137536K, reserved 557056K
  class space    used 18984K, committed 20032K, reserved 425984K
}
Event: 59.374 GC heap before
{Heap before GC invocations=55 (full 0):
 garbage-first heap   total 215040K, used 199853K [0x0000000740000000, 0x0000000800000000)
  region size 2048K, 39 young (79872K), 5 survivors (10240K)
 Metaspace       used 137135K, committed 139264K, reserved 557056K
  class space    used 19246K, committed 20288K, reserved 425984K
}
Event: 59.384 GC heap after
{Heap after GC invocations=56 (full 0):
 garbage-first heap   total 215040K, used 125296K [0x0000000740000000, 0x0000000800000000)
  region size 2048K, 2 young (4096K), 2 survivors (4096K)
 Metaspace       used 137135K, committed 139264K, reserved 557056K
  class space    used 19246K, committed 20288K, reserved 425984K
}
Event: 60.925 GC heap before
{Heap before GC invocations=56 (full 0):
 garbage-first heap   total 215040K, used 199024K [0x0000000740000000, 0x0000000800000000)
  region size 2048K, 39 young (79872K), 2 survivors (4096K)
 Metaspace       used 140159K, committed 142336K, reserved 557056K
  class space    used 19683K, committed 20736K, reserved 425984K
}
Event: 60.932 GC heap after
{Heap after GC invocations=57 (full 0):
 garbage-first heap   total 215040K, used 127997K [0x0000000740000000, 0x0000000800000000)
  region size 2048K, 3 young (6144K), 3 survivors (6144K)
 Metaspace       used 140159K, committed 142336K, reserved 557056K
  class space    used 19683K, committed 20736K, reserved 425984K
}
Event: 61.902 GC heap before
{Heap before GC invocations=58 (full 0):
 garbage-first heap   total 219136K, used 216061K [0x0000000740000000, 0x0000000800000000)
  region size 2048K, 28 young (57344K), 3 survivors (6144K)
 Metaspace       used 143525K, committed 145728K, reserved 557056K
  class space    used 20103K, committed 21184K, reserved 425984K
}
Event: 61.911 GC heap after
{Heap after GC invocations=59 (full 0):
 garbage-first heap   total 229376K, used 141304K [0x0000000740000000, 0x0000000800000000)
  region size 2048K, 4 young (8192K), 4 survivors (8192K)
 Metaspace       used 143525K, committed 145728K, reserved 557056K
  class space    used 20103K, committed 21184K, reserved 425984K
}
Event: 64.627 GC heap before
{Heap before GC invocations=59 (full 0):
 garbage-first heap   total 229376K, used 225272K [0x0000000740000000, 0x0000000800000000)
  region size 2048K, 39 young (79872K), 4 survivors (8192K)
 Metaspace       used 145755K, committed 147904K, reserved 557056K
  class space    used 20347K, committed 21376K, reserved 425984K
}
Event: 64.642 GC heap after
{Heap after GC invocations=60 (full 0):
 garbage-first heap   total 239616K, used 131363K [0x0000000740000000, 0x0000000800000000)
  region size 2048K, 3 young (6144K), 3 survivors (6144K)
 Metaspace       used 145755K, committed 147904K, reserved 557056K
  class space    used 20347K, committed 21376K, reserved 425984K
}

